{"/home/travis/build/npmtest/node-npmtest-lodash.throttle/test.js":{"path":"/home/travis/build/npmtest/node-npmtest-lodash.throttle/test.js","s":{"1":2,"2":2,"3":2,"4":2,"5":2,"6":2,"7":2,"8":1,"9":2,"10":2,"11":1,"12":1,"13":1,"14":1,"15":2,"16":2,"17":2,"18":2,"19":1,"20":1,"21":2,"22":2,"23":2,"24":1,"25":1,"26":1,"27":1,"28":1,"29":1,"30":1,"31":1,"32":1,"33":1,"34":1,"35":1,"36":1,"37":1,"38":1,"39":2,"40":2,"41":1,"42":2,"43":2,"44":1,"45":2,"46":2,"47":1,"48":2,"49":2,"50":1,"51":1,"52":1,"53":1,"54":1},"b":{"1":[2,1,1,1],"2":[1,1,1,1],"3":[1,1],"4":[1,1],"5":[1,1],"6":[1,1],"7":[1,1],"8":[1,1],"9":[1,1],"10":[1,1,1],"11":[1,1],"12":[1,1],"13":[1,1],"14":[1,1],"15":[1,1],"16":[1,1],"17":[1,1]},"f":{"1":2,"2":2,"3":2,"4":2,"5":2,"6":1,"7":1,"8":1,"9":2,"10":2,"11":2,"12":2,"13":1},"fnMap":{"1":{"name":"(anonymous_1)","line":12,"loc":{"start":{"line":12,"column":1},"end":{"line":12,"column":13}}},"2":{"name":"(anonymous_2)","line":19,"loc":{"start":{"line":19,"column":5},"end":{"line":19,"column":17}}},"3":{"name":"(anonymous_3)","line":23,"loc":{"start":{"line":23,"column":24},"end":{"line":23,"column":36}}},"4":{"name":"(anonymous_4)","line":61,"loc":{"start":{"line":61,"column":5},"end":{"line":61,"column":17}}},"5":{"name":"(anonymous_5)","line":82,"loc":{"start":{"line":82,"column":5},"end":{"line":82,"column":17}}},"6":{"name":"(anonymous_6)","line":91,"loc":{"start":{"line":91,"column":77},"end":{"line":94,"column":10}}},"7":{"name":"(anonymous_7)","line":112,"loc":{"start":{"line":112,"column":83},"end":{"line":115,"column":10}},"skip":true},"8":{"name":"(anonymous_8)","line":123,"loc":{"start":{"line":123,"column":77},"end":{"line":126,"column":10}},"skip":true},"9":{"name":"(anonymous_9)","line":139,"loc":{"start":{"line":139,"column":12},"end":{"line":139,"column":40}},"skip":true},"10":{"name":"(anonymous_10)","line":147,"loc":{"start":{"line":147,"column":77},"end":{"line":150,"column":10}},"skip":true},"11":{"name":"(anonymous_11)","line":158,"loc":{"start":{"line":158,"column":83},"end":{"line":161,"column":10}},"skip":true},"12":{"name":"(anonymous_12)","line":169,"loc":{"start":{"line":169,"column":79},"end":{"line":172,"column":10}},"skip":true},"13":{"name":"(anonymous_13)","line":180,"loc":{"start":{"line":180,"column":75},"end":{"line":183,"column":10}},"skip":true}},"statementMap":{"1":{"start":{"line":12,"column":0},"end":{"line":195,"column":5}},"2":{"start":{"line":14,"column":4},"end":{"line":14,"column":14}},"3":{"start":{"line":19,"column":4},"end":{"line":56,"column":9}},"4":{"start":{"line":21,"column":8},"end":{"line":21,"column":19}},"5":{"start":{"line":23,"column":8},"end":{"line":35,"column":13}},"6":{"start":{"line":24,"column":12},"end":{"line":34,"column":13}},"7":{"start":{"line":25,"column":16},"end":{"line":28,"column":30}},"8":{"start":{"line":30,"column":16},"end":{"line":33,"column":27}},"9":{"start":{"line":37,"column":8},"end":{"line":39,"column":21}},"10":{"start":{"line":40,"column":8},"end":{"line":53,"column":9}},"11":{"start":{"line":43,"column":12},"end":{"line":46,"column":14}},"12":{"start":{"line":47,"column":12},"end":{"line":47,"column":18}},"13":{"start":{"line":50,"column":12},"end":{"line":51,"column":46}},"14":{"start":{"line":52,"column":12},"end":{"line":52,"column":18}},"15":{"start":{"line":55,"column":8},"end":{"line":55,"column":35}},"16":{"start":{"line":61,"column":4},"end":{"line":63,"column":9}},"17":{"start":{"line":62,"column":8},"end":{"line":62,"column":15}},"18":{"start":{"line":64,"column":4},"end":{"line":77,"column":5}},"19":{"start":{"line":70,"column":8},"end":{"line":70,"column":14}},"20":{"start":{"line":76,"column":8},"end":{"line":76,"column":14}},"21":{"start":{"line":82,"column":4},"end":{"line":84,"column":9}},"22":{"start":{"line":83,"column":8},"end":{"line":83,"column":15}},"23":{"start":{"line":85,"column":4},"end":{"line":194,"column":5}},"24":{"start":{"line":91,"column":8},"end":{"line":99,"column":10}},"25":{"start":{"line":98,"column":12},"end":{"line":98,"column":35}},"26":{"start":{"line":102,"column":8},"end":{"line":104,"column":63}},"27":{"start":{"line":105,"column":8},"end":{"line":105,"column":14}},"28":{"start":{"line":112,"column":8},"end":{"line":121,"column":10},"skip":true},"29":{"start":{"line":119,"column":12},"end":{"line":119,"column":55},"skip":true},"30":{"start":{"line":120,"column":12},"end":{"line":120,"column":48},"skip":true},"31":{"start":{"line":123,"column":8},"end":{"line":136,"column":10},"skip":true},"32":{"start":{"line":130,"column":12},"end":{"line":130,"column":76},"skip":true},"33":{"start":{"line":131,"column":12},"end":{"line":131,"column":73},"skip":true},"34":{"start":{"line":132,"column":12},"end":{"line":132,"column":74},"skip":true},"35":{"start":{"line":133,"column":12},"end":{"line":133,"column":79},"skip":true},"36":{"start":{"line":134,"column":12},"end":{"line":134,"column":25},"skip":true},"37":{"start":{"line":135,"column":12},"end":{"line":135,"column":45},"skip":true},"38":{"start":{"line":138,"column":8},"end":{"line":145,"column":14},"skip":true},"39":{"start":{"line":143,"column":16},"end":{"line":143,"column":29},"skip":true},"40":{"start":{"line":144,"column":16},"end":{"line":144,"column":55},"skip":true},"41":{"start":{"line":147,"column":8},"end":{"line":156,"column":10},"skip":true},"42":{"start":{"line":154,"column":12},"end":{"line":154,"column":25},"skip":true},"43":{"start":{"line":155,"column":12},"end":{"line":155,"column":45},"skip":true},"44":{"start":{"line":158,"column":8},"end":{"line":167,"column":10},"skip":true},"45":{"start":{"line":165,"column":12},"end":{"line":165,"column":25},"skip":true},"46":{"start":{"line":166,"column":12},"end":{"line":166,"column":48},"skip":true},"47":{"start":{"line":169,"column":8},"end":{"line":178,"column":10},"skip":true},"48":{"start":{"line":176,"column":12},"end":{"line":176,"column":25},"skip":true},"49":{"start":{"line":177,"column":12},"end":{"line":177,"column":46},"skip":true},"50":{"start":{"line":180,"column":8},"end":{"line":189,"column":10},"skip":true},"51":{"start":{"line":187,"column":12},"end":{"line":187,"column":94},"skip":true},"52":{"start":{"line":188,"column":12},"end":{"line":188,"column":48},"skip":true},"53":{"start":{"line":192,"column":8},"end":{"line":192,"column":35},"skip":true},"54":{"start":{"line":193,"column":8},"end":{"line":193,"column":14},"skip":true}},"branchMap":{"1":{"line":25,"type":"binary-expr","locations":[{"start":{"line":25,"column":23},"end":{"line":25,"column":62}},{"start":{"line":26,"column":20},"end":{"line":26,"column":70}},{"start":{"line":27,"column":20},"end":{"line":27,"column":71}},{"start":{"line":28,"column":20},"end":{"line":28,"column":29}}]},"2":{"line":30,"type":"binary-expr","locations":[{"start":{"line":30,"column":23},"end":{"line":30,"column":37}},{"start":{"line":31,"column":20},"end":{"line":31,"column":61}},{"start":{"line":32,"column":20},"end":{"line":32,"column":70}},{"start":{"line":33,"column":20},"end":{"line":33,"column":26}}]},"3":{"line":37,"type":"cond-expr","locations":[{"start":{"line":38,"column":14},"end":{"line":38,"column":20}},{"start":{"line":39,"column":14},"end":{"line":39,"column":20}}]},"4":{"line":40,"type":"switch","locations":[{"start":{"line":42,"column":8},"end":{"line":47,"column":18}},{"start":{"line":49,"column":8},"end":{"line":52,"column":18}}]},"5":{"line":44,"type":"binary-expr","locations":[{"start":{"line":44,"column":16},"end":{"line":44,"column":44}},{"start":{"line":44,"column":48},"end":{"line":44,"column":66}}]},"6":{"line":50,"type":"binary-expr","locations":[{"start":{"line":50,"column":21},"end":{"line":50,"column":49}},{"start":{"line":50,"column":53},"end":{"line":50,"column":72}}]},"7":{"line":64,"type":"switch","locations":[{"start":{"line":69,"column":4},"end":{"line":70,"column":14}},{"start":{"line":75,"column":4},"end":{"line":76,"column":14}}]},"8":{"line":85,"type":"switch","locations":[{"start":{"line":90,"column":4},"end":{"line":105,"column":14}},{"start":{"line":111,"column":4},"end":{"line":193,"column":14},"skip":true}]},"9":{"line":91,"type":"binary-expr","locations":[{"start":{"line":91,"column":42},"end":{"line":91,"column":73}},{"start":{"line":91,"column":77},"end":{"line":99,"column":9}}]},"10":{"line":102,"type":"binary-expr","locations":[{"start":{"line":102,"column":18},"end":{"line":102,"column":32}},{"start":{"line":103,"column":12},"end":{"line":103,"column":53}},{"start":{"line":104,"column":12},"end":{"line":104,"column":61}}]},"11":{"line":112,"type":"binary-expr","locations":[{"start":{"line":112,"column":45},"end":{"line":112,"column":79},"skip":true},{"start":{"line":112,"column":83},"end":{"line":121,"column":9},"skip":true}]},"12":{"line":123,"type":"binary-expr","locations":[{"start":{"line":123,"column":42},"end":{"line":123,"column":73},"skip":true},{"start":{"line":123,"column":77},"end":{"line":136,"column":9},"skip":true}]},"13":{"line":138,"type":"binary-expr","locations":[{"start":{"line":138,"column":48},"end":{"line":138,"column":85},"skip":true},{"start":{"line":139,"column":12},"end":{"line":145,"column":13},"skip":true}]},"14":{"line":147,"type":"binary-expr","locations":[{"start":{"line":147,"column":42},"end":{"line":147,"column":73},"skip":true},{"start":{"line":147,"column":77},"end":{"line":156,"column":9},"skip":true}]},"15":{"line":158,"type":"binary-expr","locations":[{"start":{"line":158,"column":45},"end":{"line":158,"column":79},"skip":true},{"start":{"line":158,"column":83},"end":{"line":167,"column":9},"skip":true}]},"16":{"line":169,"type":"binary-expr","locations":[{"start":{"line":169,"column":43},"end":{"line":169,"column":75},"skip":true},{"start":{"line":169,"column":79},"end":{"line":178,"column":9},"skip":true}]},"17":{"line":180,"type":"binary-expr","locations":[{"start":{"line":180,"column":41},"end":{"line":180,"column":71},"skip":true},{"start":{"line":180,"column":75},"end":{"line":189,"column":9},"skip":true}]}},"code":["/* istanbul instrument in package npmtest_lodash_throttle */","/*jslint","    bitwise: true,","    browser: true,","    maxerr: 8,","    maxlen: 96,","    node: true,","    nomen: true,","    regexp: true,","    stupid: true","*/","(function () {","    'use strict';","    var local;","","","","    // run shared js-env code - pre-init","    (function () {","        // init local","        local = {};","        // init modeJs","        local.modeJs = (function () {","            try {","                return typeof navigator.userAgent === 'string' &&","                    typeof document.querySelector('body') === 'object' &&","                    typeof XMLHttpRequest.prototype.open === 'function' &&","                    'browser';","            } catch (errorCaughtBrowser) {","                return module.exports &&","                    typeof process.versions.node === 'string' &&","                    typeof require('http').createServer === 'function' &&","                    'node';","            }","        }());","        // init global","        local.global = local.modeJs === 'browser'","            ? window","            : global;","        switch (local.modeJs) {","        // re-init local from window.local","        case 'browser':","            local = local.global.utility2.objectSetDefault(","                local.global.utility2_rollup || local.global.local,","                local.global.utility2","            );","            break;","        // re-init local from example.js","        case 'node':","            local = (local.global.utility2_rollup || require('utility2'))","                .requireExampleJsFromReadme();","            break;","        }","        // export local","        local.global.local = local;","    }());","","","","    // run shared js-env code - function","    (function () {","        return;","    }());","    switch (local.modeJs) {","","","","    // run browser js-env code - function","    case 'browser':","        break;","","","","    // run node js-env code - function","    case 'node':","        break;","    }","","","","    // run shared js-env code - post-init","    (function () {","        return;","    }());","    switch (local.modeJs) {","","","","    // run browser js-env code - post-init","    case 'browser':","        local.testCase_browser_nullCase = local.testCase_browser_nullCase || function (","            options,","            onError","        ) {","        /*","         * this function will test browsers's null-case handling-behavior-behavior","         */","            onError(null, options);","        };","","        // run tests","        local.nop(local.modeTest &&","            document.querySelector('#testRunButton1') &&","            document.querySelector('#testRunButton1').click());","        break;","","","","    // run node js-env code - post-init","    /* istanbul ignore next */","    case 'node':","        local.testCase_buildApidoc_default = local.testCase_buildApidoc_default || function (","            options,","            onError","        ) {","        /*","         * this function will test buildApidoc's default handling-behavior-behavior","         */","            options = { modulePathList: module.paths };","            local.buildApidoc(options, onError);","        };","","        local.testCase_buildApp_default = local.testCase_buildApp_default || function (","            options,","            onError","        ) {","        /*","         * this function will test buildApp's default handling-behavior-behavior","         */","            local.testCase_buildReadme_default(options, local.onErrorThrow);","            local.testCase_buildLib_default(options, local.onErrorThrow);","            local.testCase_buildTest_default(options, local.onErrorThrow);","            local.testCase_buildCustomOrg_default(options, local.onErrorThrow);","            options = [];","            local.buildApp(options, onError);","        };","","        local.testCase_buildCustomOrg_default = local.testCase_buildCustomOrg_default ||","            function (options, onError) {","            /*","             * this function will test buildCustomOrg's default handling-behavior","             */","                options = {};","                local.buildCustomOrg(options, onError);","            };","","        local.testCase_buildLib_default = local.testCase_buildLib_default || function (","            options,","            onError","        ) {","        /*","         * this function will test buildLib's default handling-behavior","         */","            options = {};","            local.buildLib(options, onError);","        };","","        local.testCase_buildReadme_default = local.testCase_buildReadme_default || function (","            options,","            onError","        ) {","        /*","         * this function will test buildReadme's default handling-behavior-behavior","         */","            options = {};","            local.buildReadme(options, onError);","        };","","        local.testCase_buildTest_default = local.testCase_buildTest_default || function (","            options,","            onError","        ) {","        /*","         * this function will test buildTest's default handling-behavior","         */","            options = {};","            local.buildTest(options, onError);","        };","","        local.testCase_webpage_default = local.testCase_webpage_default || function (","            options,","            onError","        ) {","        /*","         * this function will test webpage's default handling-behavior","         */","            options = { modeCoverageMerge: true, url: local.serverLocalHost + '?modeTest=1' };","            local.browserTest(options, onError);","        };","","        // run test-server","        local.testRunServer(local);","        break;","    }","}());",""],"l":{"12":2,"14":2,"19":2,"21":2,"23":2,"24":2,"25":2,"30":1,"37":2,"40":2,"43":1,"47":1,"50":1,"52":1,"55":2,"61":2,"62":2,"64":2,"70":1,"76":1,"82":2,"83":2,"85":2,"91":1,"98":1,"102":1,"105":1,"112":1,"119":1,"120":1,"123":1,"130":1,"131":1,"132":1,"133":1,"134":1,"135":1,"138":1,"143":2,"144":2,"147":1,"154":2,"155":2,"158":1,"165":2,"166":2,"169":1,"176":2,"177":2,"180":1,"187":1,"188":1,"192":1,"193":1}},"/home/travis/build/npmtest/node-npmtest-lodash.throttle/lib.npmtest_lodash.throttle.js":{"path":"/home/travis/build/npmtest/node-npmtest-lodash.throttle/lib.npmtest_lodash.throttle.js","s":{"1":2,"2":2,"3":2,"4":2,"5":2,"6":2,"7":2,"8":1,"9":2,"10":2,"11":2,"12":2,"13":1,"14":1,"15":1,"16":1},"b":{"1":[2,1,1,1],"2":[1,1,1,1],"3":[1,1],"4":[2,2],"5":[1,1]},"f":{"1":2,"2":2,"3":2},"fnMap":{"1":{"name":"(anonymous_1)","line":12,"loc":{"start":{"line":12,"column":1},"end":{"line":12,"column":13}}},"2":{"name":"(anonymous_2)","line":19,"loc":{"start":{"line":19,"column":5},"end":{"line":19,"column":17}}},"3":{"name":"(anonymous_3)","line":23,"loc":{"start":{"line":23,"column":24},"end":{"line":23,"column":36}}}},"statementMap":{"1":{"start":{"line":12,"column":0},"end":{"line":53,"column":5}},"2":{"start":{"line":14,"column":4},"end":{"line":14,"column":14}},"3":{"start":{"line":19,"column":4},"end":{"line":52,"column":9}},"4":{"start":{"line":21,"column":8},"end":{"line":21,"column":19}},"5":{"start":{"line":23,"column":8},"end":{"line":35,"column":13}},"6":{"start":{"line":24,"column":12},"end":{"line":34,"column":13}},"7":{"start":{"line":25,"column":16},"end":{"line":28,"column":30}},"8":{"start":{"line":30,"column":16},"end":{"line":33,"column":27}},"9":{"start":{"line":37,"column":8},"end":{"line":39,"column":21}},"10":{"start":{"line":41,"column":8},"end":{"line":41,"column":54}},"11":{"start":{"line":43,"column":8},"end":{"line":43,"column":60}},"12":{"start":{"line":45,"column":8},"end":{"line":51,"column":9}},"13":{"start":{"line":46,"column":12},"end":{"line":46,"column":66}},"14":{"start":{"line":48,"column":12},"end":{"line":48,"column":35}},"15":{"start":{"line":49,"column":12},"end":{"line":49,"column":49}},"16":{"start":{"line":50,"column":12},"end":{"line":50,"column":43}}},"branchMap":{"1":{"line":25,"type":"binary-expr","locations":[{"start":{"line":25,"column":23},"end":{"line":25,"column":62}},{"start":{"line":26,"column":20},"end":{"line":26,"column":70}},{"start":{"line":27,"column":20},"end":{"line":27,"column":71}},{"start":{"line":28,"column":20},"end":{"line":28,"column":29}}]},"2":{"line":30,"type":"binary-expr","locations":[{"start":{"line":30,"column":23},"end":{"line":30,"column":37}},{"start":{"line":31,"column":20},"end":{"line":31,"column":61}},{"start":{"line":32,"column":20},"end":{"line":32,"column":70}},{"start":{"line":33,"column":20},"end":{"line":33,"column":26}}]},"3":{"line":37,"type":"cond-expr","locations":[{"start":{"line":38,"column":14},"end":{"line":38,"column":20}},{"start":{"line":39,"column":14},"end":{"line":39,"column":20}}]},"4":{"line":41,"type":"binary-expr","locations":[{"start":{"line":41,"column":16},"end":{"line":41,"column":44}},{"start":{"line":41,"column":48},"end":{"line":41,"column":53}}]},"5":{"line":45,"type":"if","locations":[{"start":{"line":45,"column":8},"end":{"line":45,"column":8}},{"start":{"line":45,"column":8},"end":{"line":45,"column":8}}]}},"code":["/* istanbul instrument in package npmtest_lodash_throttle */","/*jslint","    bitwise: true,","    browser: true,","    maxerr: 8,","    maxlen: 96,","    node: true,","    nomen: true,","    regexp: true,","    stupid: true","*/","(function () {","    'use strict';","    var local;","","","","    // run shared js-env code - pre-init","    (function () {","        // init local","        local = {};","        // init modeJs","        local.modeJs = (function () {","            try {","                return typeof navigator.userAgent === 'string' &&","                    typeof document.querySelector('body') === 'object' &&","                    typeof XMLHttpRequest.prototype.open === 'function' &&","                    'browser';","            } catch (errorCaughtBrowser) {","                return module.exports &&","                    typeof process.versions.node === 'string' &&","                    typeof require('http').createServer === 'function' &&","                    'node';","            }","        }());","        // init global","        local.global = local.modeJs === 'browser'","            ? window","            : global;","        // init utility2_rollup","        local = local.global.utility2_rollup || local;","        // init lib","        local.local = local.npmtest_lodash_throttle = local;","        // init exports","        if (local.modeJs === 'browser') {","            local.global.utility2_npmtest_lodash_throttle = local;","        } else {","            module.exports = local;","            module.exports.__dirname = __dirname;","            module.exports.module = module;","        }","    }());","}());",""],"l":{"12":2,"14":2,"19":2,"21":2,"23":2,"24":2,"25":2,"30":1,"37":2,"41":2,"43":2,"45":2,"46":1,"48":1,"49":1,"50":1}},"/home/travis/build/npmtest/node-npmtest-lodash.throttle/example.js":{"path":"/home/travis/build/npmtest/node-npmtest-lodash.throttle/example.js","s":{"1":2,"2":2,"3":2,"4":2,"5":2,"6":2,"7":2,"8":1,"9":2,"10":2,"11":2,"12":2,"13":1,"14":2,"15":2,"16":2,"17":2,"18":2,"19":0,"20":2,"21":1,"22":1,"23":1,"24":1,"25":1,"26":0,"27":0,"28":1,"29":1,"30":2,"31":0,"32":0,"33":0,"34":1,"35":2,"36":2,"37":3,"38":3,"39":3,"40":3,"41":0,"42":3,"43":3,"44":3,"45":1,"46":3,"47":1,"48":1,"49":1,"50":1,"51":1,"52":1,"53":1,"54":1,"55":1,"56":1,"57":0,"58":1,"59":6,"60":6,"61":1,"62":2,"63":0,"64":2,"65":1,"66":1,"67":0,"68":0,"69":0,"70":0,"71":0,"72":0,"73":0,"74":0,"75":0,"76":0,"77":0,"78":0,"79":0,"80":0,"81":0,"82":0,"83":0},"b":{"1":[2,1,1,1],"2":[1,1,1,1],"3":[1,1],"4":[2,2],"5":[1,1],"6":[1,1],"7":[2,0],"8":[2,1,1,1,1,1],"9":[0,2,0],"10":[1,1],"11":[2,1,1],"12":[1,0],"13":[0,2],"14":[2,0,0,0,0,0,0],"15":[0,3],"16":[3,0],"17":[1,1],"18":[0,1],"19":[1,2,0,2],"20":[1,0],"21":[1,1],"22":[0,0],"23":[0,0],"24":[0,0],"25":[0,0],"26":[0,0],"27":[0,0],"28":[0,0]},"f":{"1":2,"2":2,"3":2,"4":2,"5":2,"6":2,"7":3,"8":3,"9":3,"10":1,"11":6,"12":0},"fnMap":{"1":{"name":"(anonymous_1)","line":26,"loc":{"start":{"line":26,"column":1},"end":{"line":26,"column":13}}},"2":{"name":"(anonymous_2)","line":33,"loc":{"start":{"line":33,"column":5},"end":{"line":33,"column":17}}},"3":{"name":"(anonymous_3)","line":37,"loc":{"start":{"line":37,"column":24},"end":{"line":37,"column":36}}},"4":{"name":"(anonymous_4)","line":69,"loc":{"start":{"line":69,"column":31},"end":{"line":69,"column":48}},"skip":true},"5":{"name":"(anonymous_5)","line":78,"loc":{"start":{"line":78,"column":26},"end":{"line":78,"column":45}},"skip":true},"6":{"name":"(anonymous_6)","line":123,"loc":{"start":{"line":123,"column":33},"end":{"line":123,"column":48}},"skip":true},"7":{"name":"(anonymous_7)","line":125,"loc":{"start":{"line":125,"column":27},"end":{"line":125,"column":39}},"skip":true},"8":{"name":"(anonymous_8)","line":133,"loc":{"start":{"line":133,"column":59},"end":{"line":133,"column":74}},"skip":true},"9":{"name":"(anonymous_9)","line":143,"loc":{"start":{"line":143,"column":45},"end":{"line":143,"column":62}},"skip":true},"10":{"name":"(anonymous_10)","line":144,"loc":{"start":{"line":144,"column":73},"end":{"line":144,"column":92}},"skip":true},"11":{"name":"(anonymous_11)","line":272,"loc":{"start":{"line":272,"column":51},"end":{"line":272,"column":77}},"skip":true},"12":{"name":"(anonymous_12)","line":315,"loc":{"start":{"line":315,"column":32},"end":{"line":315,"column":61}},"skip":true}},"statementMap":{"1":{"start":{"line":26,"column":0},"end":{"line":326,"column":5}},"2":{"start":{"line":28,"column":4},"end":{"line":28,"column":14}},"3":{"start":{"line":33,"column":4},"end":{"line":60,"column":9}},"4":{"start":{"line":35,"column":8},"end":{"line":35,"column":19}},"5":{"start":{"line":37,"column":8},"end":{"line":49,"column":13}},"6":{"start":{"line":38,"column":12},"end":{"line":48,"column":13}},"7":{"start":{"line":39,"column":16},"end":{"line":42,"column":30}},"8":{"start":{"line":44,"column":16},"end":{"line":47,"column":27}},"9":{"start":{"line":51,"column":8},"end":{"line":53,"column":21}},"10":{"start":{"line":55,"column":8},"end":{"line":57,"column":45}},"11":{"start":{"line":59,"column":8},"end":{"line":59,"column":35}},"12":{"start":{"line":61,"column":4},"end":{"line":325,"column":5}},"13":{"start":{"line":69,"column":8},"end":{"line":121,"column":10},"skip":true},"14":{"start":{"line":70,"column":12},"end":{"line":88,"column":13},"skip":true},"15":{"start":{"line":76,"column":16},"end":{"line":87,"column":19},"skip":true},"16":{"start":{"line":79,"column":20},"end":{"line":86,"column":21},"skip":true},"17":{"start":{"line":82,"column":24},"end":{"line":82,"column":43},"skip":true},"18":{"start":{"line":83,"column":24},"end":{"line":83,"column":30},"skip":true},"19":{"start":{"line":85,"column":24},"end":{"line":85,"column":49},"skip":true},"20":{"start":{"line":89,"column":12},"end":{"line":107,"column":13},"skip":true},"21":{"start":{"line":92,"column":16},"end":{"line":102,"column":17},"skip":true},"22":{"start":{"line":93,"column":20},"end":{"line":93,"column":86},"skip":true},"23":{"start":{"line":94,"column":20},"end":{"line":95,"column":45},"skip":true},"24":{"start":{"line":96,"column":20},"end":{"line":96,"column":42},"skip":true},"25":{"start":{"line":97,"column":20},"end":{"line":97,"column":48},"skip":true},"26":{"start":{"line":100,"column":20},"end":{"line":100,"column":85},"skip":true},"27":{"start":{"line":101,"column":20},"end":{"line":101,"column":96},"skip":true},"28":{"start":{"line":103,"column":16},"end":{"line":103,"column":22},"skip":true},"29":{"start":{"line":106,"column":16},"end":{"line":106,"column":22},"skip":true},"30":{"start":{"line":108,"column":12},"end":{"line":120,"column":13},"skip":true},"31":{"start":{"line":114,"column":16},"end":{"line":119,"column":17},"skip":true},"32":{"start":{"line":116,"column":20},"end":{"line":116,"column":78},"skip":true},"33":{"start":{"line":118,"column":20},"end":{"line":118,"column":47},"skip":true},"34":{"start":{"line":123,"column":8},"end":{"line":141,"column":11},"skip":true},"35":{"start":{"line":124,"column":12},"end":{"line":124,"column":54},"skip":true},"36":{"start":{"line":125,"column":12},"end":{"line":140,"column":14},"skip":true},"37":{"start":{"line":126,"column":16},"end":{"line":126,"column":28},"skip":true},"38":{"start":{"line":127,"column":16},"end":{"line":127,"column":69},"skip":true},"39":{"start":{"line":128,"column":16},"end":{"line":128,"column":75},"skip":true},"40":{"start":{"line":129,"column":16},"end":{"line":131,"column":17},"skip":true},"41":{"start":{"line":130,"column":20},"end":{"line":130,"column":27},"skip":true},"42":{"start":{"line":133,"column":16},"end":{"line":137,"column":36},"skip":true},"43":{"start":{"line":134,"column":20},"end":{"line":136,"column":55},"skip":true},"44":{"start":{"line":139,"column":16},"end":{"line":139,"column":57},"skip":true},"45":{"start":{"line":143,"column":8},"end":{"line":147,"column":11},"skip":true},"46":{"start":{"line":144,"column":12},"end":{"line":146,"column":15},"skip":true},"47":{"start":{"line":145,"column":16},"end":{"line":145,"column":70},"skip":true},"48":{"start":{"line":149,"column":8},"end":{"line":149,"column":31},"skip":true},"49":{"start":{"line":150,"column":8},"end":{"line":150,"column":14},"skip":true},"50":{"start":{"line":158,"column":8},"end":{"line":158,"column":31},"skip":true},"51":{"start":{"line":160,"column":8},"end":{"line":160,"column":33},"skip":true},"52":{"start":{"line":161,"column":8},"end":{"line":161,"column":37},"skip":true},"53":{"start":{"line":162,"column":8},"end":{"line":162,"column":35},"skip":true},"54":{"start":{"line":164,"column":8},"end":{"line":164,"column":50},"skip":true},"55":{"start":{"line":166,"column":8},"end":{"line":256,"column":2},"skip":true},"56":{"start":{"line":258,"column":8},"end":{"line":286,"column":9},"skip":true},"57":{"start":{"line":259,"column":12},"end":{"line":269,"column":14},"skip":true},"58":{"start":{"line":271,"column":12},"end":{"line":285,"column":19},"skip":true},"59":{"start":{"line":274,"column":20},"end":{"line":274,"column":35},"skip":true},"60":{"start":{"line":275,"column":20},"end":{"line":284,"column":21},"skip":true},"61":{"start":{"line":277,"column":24},"end":{"line":277,"column":64},"skip":true},"62":{"start":{"line":279,"column":24},"end":{"line":279,"column":40},"skip":true},"63":{"start":{"line":281,"column":24},"end":{"line":281,"column":40},"skip":true},"64":{"start":{"line":283,"column":24},"end":{"line":283,"column":39},"skip":true},"65":{"start":{"line":288,"column":8},"end":{"line":290,"column":9},"skip":true},"66":{"start":{"line":289,"column":12},"end":{"line":289,"column":18},"skip":true},"67":{"start":{"line":291,"column":8},"end":{"line":293,"column":54},"skip":true},"68":{"start":{"line":296,"column":8},"end":{"line":301,"column":37},"skip":true},"69":{"start":{"line":303,"column":8},"end":{"line":303,"column":82},"skip":true},"70":{"start":{"line":306,"column":8},"end":{"line":308,"column":9},"skip":true},"71":{"start":{"line":307,"column":12},"end":{"line":307,"column":82},"skip":true},"72":{"start":{"line":310,"column":8},"end":{"line":312,"column":9},"skip":true},"73":{"start":{"line":311,"column":12},"end":{"line":311,"column":18},"skip":true},"74":{"start":{"line":313,"column":8},"end":{"line":313,"column":54},"skip":true},"75":{"start":{"line":314,"column":8},"end":{"line":314,"column":69},"skip":true},"76":{"start":{"line":315,"column":8},"end":{"line":323,"column":36},"skip":true},"77":{"start":{"line":316,"column":12},"end":{"line":316,"column":61},"skip":true},"78":{"start":{"line":317,"column":12},"end":{"line":320,"column":13},"skip":true},"79":{"start":{"line":318,"column":16},"end":{"line":318,"column":75},"skip":true},"80":{"start":{"line":319,"column":16},"end":{"line":319,"column":23},"skip":true},"81":{"start":{"line":321,"column":12},"end":{"line":321,"column":38},"skip":true},"82":{"start":{"line":322,"column":12},"end":{"line":322,"column":27},"skip":true},"83":{"start":{"line":324,"column":8},"end":{"line":324,"column":14},"skip":true}},"branchMap":{"1":{"line":39,"type":"binary-expr","locations":[{"start":{"line":39,"column":23},"end":{"line":39,"column":62}},{"start":{"line":40,"column":20},"end":{"line":40,"column":70}},{"start":{"line":41,"column":20},"end":{"line":41,"column":71}},{"start":{"line":42,"column":20},"end":{"line":42,"column":29}}]},"2":{"line":44,"type":"binary-expr","locations":[{"start":{"line":44,"column":23},"end":{"line":44,"column":37}},{"start":{"line":45,"column":20},"end":{"line":45,"column":61}},{"start":{"line":46,"column":20},"end":{"line":46,"column":70}},{"start":{"line":47,"column":20},"end":{"line":47,"column":26}}]},"3":{"line":51,"type":"cond-expr","locations":[{"start":{"line":52,"column":14},"end":{"line":52,"column":20}},{"start":{"line":53,"column":14},"end":{"line":53,"column":20}}]},"4":{"line":55,"type":"binary-expr","locations":[{"start":{"line":55,"column":16},"end":{"line":55,"column":44}},{"start":{"line":55,"column":49},"end":{"line":57,"column":43}}]},"5":{"line":55,"type":"cond-expr","locations":[{"start":{"line":56,"column":14},"end":{"line":56,"column":59}},{"start":{"line":57,"column":14},"end":{"line":57,"column":43}}]},"6":{"line":61,"type":"switch","locations":[{"start":{"line":68,"column":4},"end":{"line":150,"column":14},"skip":true},{"start":{"line":156,"column":4},"end":{"line":324,"column":14},"skip":true}]},"7":{"line":70,"type":"if","locations":[{"start":{"line":70,"column":12},"end":{"line":70,"column":12},"skip":true},{"start":{"line":70,"column":12},"end":{"line":70,"column":12},"skip":true}]},"8":{"line":70,"type":"binary-expr","locations":[{"start":{"line":70,"column":16},"end":{"line":70,"column":22},"skip":true},{"start":{"line":70,"column":27},"end":{"line":70,"column":32},"skip":true},{"start":{"line":71,"column":20},"end":{"line":71,"column":39},"skip":true},{"start":{"line":72,"column":20},"end":{"line":72,"column":49},"skip":true},{"start":{"line":73,"column":20},"end":{"line":73,"column":58},"skip":true},{"start":{"line":74,"column":20},"end":{"line":74,"column":69},"skip":true}]},"9":{"line":79,"type":"switch","locations":[{"start":{"line":80,"column":20},"end":{"line":80,"column":33},"skip":true},{"start":{"line":81,"column":20},"end":{"line":83,"column":30},"skip":true},{"start":{"line":84,"column":20},"end":{"line":85,"column":49},"skip":true}]},"10":{"line":89,"type":"switch","locations":[{"start":{"line":90,"column":12},"end":{"line":103,"column":22},"skip":true},{"start":{"line":105,"column":12},"end":{"line":106,"column":22},"skip":true}]},"11":{"line":89,"type":"binary-expr","locations":[{"start":{"line":89,"column":20},"end":{"line":89,"column":25},"skip":true},{"start":{"line":89,"column":29},"end":{"line":89,"column":48},"skip":true},{"start":{"line":89,"column":52},"end":{"line":89,"column":74},"skip":true}]},"12":{"line":92,"type":"if","locations":[{"start":{"line":92,"column":16},"end":{"line":92,"column":16},"skip":true},{"start":{"line":92,"column":16},"end":{"line":92,"column":16},"skip":true}]},"13":{"line":108,"type":"if","locations":[{"start":{"line":108,"column":12},"end":{"line":108,"column":12},"skip":true},{"start":{"line":108,"column":12},"end":{"line":108,"column":12},"skip":true}]},"14":{"line":108,"type":"binary-expr","locations":[{"start":{"line":108,"column":16},"end":{"line":108,"column":61},"skip":true},{"start":{"line":108,"column":66},"end":{"line":108,"column":72},"skip":true},{"start":{"line":108,"column":77},"end":{"line":108,"column":82},"skip":true},{"start":{"line":109,"column":20},"end":{"line":109,"column":39},"skip":true},{"start":{"line":110,"column":20},"end":{"line":110,"column":49},"skip":true},{"start":{"line":111,"column":20},"end":{"line":111,"column":58},"skip":true},{"start":{"line":112,"column":20},"end":{"line":112,"column":68},"skip":true}]},"15":{"line":129,"type":"if","locations":[{"start":{"line":129,"column":16},"end":{"line":129,"column":16},"skip":true},{"start":{"line":129,"column":16},"end":{"line":129,"column":16},"skip":true}]},"16":{"line":134,"type":"cond-expr","locations":[{"start":{"line":135,"column":26},"end":{"line":135,"column":29},"skip":true},{"start":{"line":136,"column":26},"end":{"line":136,"column":54},"skip":true}]},"17":{"line":164,"type":"binary-expr","locations":[{"start":{"line":164,"column":27},"end":{"line":164,"column":43},"skip":true},{"start":{"line":164,"column":47},"end":{"line":164,"column":49},"skip":true}]},"18":{"line":258,"type":"if","locations":[{"start":{"line":258,"column":8},"end":{"line":258,"column":8},"skip":true},{"start":{"line":258,"column":8},"end":{"line":258,"column":8},"skip":true}]},"19":{"line":275,"type":"switch","locations":[{"start":{"line":276,"column":20},"end":{"line":277,"column":64},"skip":true},{"start":{"line":278,"column":20},"end":{"line":279,"column":40},"skip":true},{"start":{"line":280,"column":20},"end":{"line":281,"column":40},"skip":true},{"start":{"line":282,"column":20},"end":{"line":283,"column":39},"skip":true}]},"20":{"line":288,"type":"if","locations":[{"start":{"line":288,"column":8},"end":{"line":288,"column":8},"skip":true},{"start":{"line":288,"column":8},"end":{"line":288,"column":8},"skip":true}]},"21":{"line":288,"type":"binary-expr","locations":[{"start":{"line":288,"column":12},"end":{"line":288,"column":40},"skip":true},{"start":{"line":288,"column":44},"end":{"line":288,"column":67},"skip":true}]},"22":{"line":292,"type":"binary-expr","locations":[{"start":{"line":292,"column":12},"end":{"line":292,"column":50},"skip":true},{"start":{"line":293,"column":12},"end":{"line":293,"column":53},"skip":true}]},"23":{"line":297,"type":"binary-expr","locations":[{"start":{"line":297,"column":12},"end":{"line":297,"column":73},"skip":true},{"start":{"line":298,"column":12},"end":{"line":301,"column":36},"skip":true}]},"24":{"line":303,"type":"binary-expr","locations":[{"start":{"line":303,"column":43},"end":{"line":303,"column":75},"skip":true},{"start":{"line":303,"column":79},"end":{"line":303,"column":81},"skip":true}]},"25":{"line":306,"type":"if","locations":[{"start":{"line":306,"column":8},"end":{"line":306,"column":8},"skip":true},{"start":{"line":306,"column":8},"end":{"line":306,"column":8},"skip":true}]},"26":{"line":310,"type":"if","locations":[{"start":{"line":310,"column":8},"end":{"line":310,"column":8},"skip":true},{"start":{"line":310,"column":8},"end":{"line":310,"column":8},"skip":true}]},"27":{"line":313,"type":"binary-expr","locations":[{"start":{"line":313,"column":27},"end":{"line":313,"column":43},"skip":true},{"start":{"line":313,"column":47},"end":{"line":313,"column":53},"skip":true}]},"28":{"line":317,"type":"if","locations":[{"start":{"line":317,"column":12},"end":{"line":317,"column":12},"skip":true},{"start":{"line":317,"column":12},"end":{"line":317,"column":12},"skip":true}]}},"code":["/*","example.js","","quickstart example","","instruction","    1. save this script as example.js","    2. run the shell command:","        $ npm install npmtest-lodash.throttle && PORT=8081 node example.js","    3. play with the browser-demo on http://127.0.0.1:8081","*/","","","","/* istanbul instrument in package npmtest_lodash_throttle */","/*jslint","    bitwise: true,","    browser: true,","    maxerr: 8,","    maxlen: 96,","    node: true,","    nomen: true,","    regexp: true,","    stupid: true","*/","(function () {","    'use strict';","    var local;","","","","    // run shared js-env code - pre-init","    (function () {","        // init local","        local = {};","        // init modeJs","        local.modeJs = (function () {","            try {","                return typeof navigator.userAgent === 'string' &&","                    typeof document.querySelector('body') === 'object' &&","                    typeof XMLHttpRequest.prototype.open === 'function' &&","                    'browser';","            } catch (errorCaughtBrowser) {","                return module.exports &&","                    typeof process.versions.node === 'string' &&","                    typeof require('http').createServer === 'function' &&","                    'node';","            }","        }());","        // init global","        local.global = local.modeJs === 'browser'","            ? window","            : global;","        // init utility2_rollup","        local = local.global.utility2_rollup || (local.modeJs === 'browser'","            ? local.global.utility2_npmtest_lodash_throttle","            : global.utility2_moduleExports);","        // export local","        local.global.local = local;","    }());","    switch (local.modeJs) {","","","","    // post-init","    // run browser js-env code - post-init","    /* istanbul ignore next */","    case 'browser':","        local.testRunBrowser = function (event) {","            if (!event || (event &&","                    event.currentTarget &&","                    event.currentTarget.className &&","                    event.currentTarget.className.includes &&","                    event.currentTarget.className.includes('onreset'))) {","                // reset output","                Array.from(","                    document.querySelectorAll('body > .resettable')","                ).forEach(function (element) {","                    switch (element.tagName) {","                    case 'INPUT':","                    case 'TEXTAREA':","                        element.value = '';","                        break;","                    default:","                        element.textContent = '';","                    }","                });","            }","            switch (event && event.currentTarget && event.currentTarget.id) {","            case 'testRunButton1':","                // show tests","                if (document.querySelector('#testReportDiv1').style.display === 'none') {","                    document.querySelector('#testReportDiv1').style.display = 'block';","                    document.querySelector('#testRunButton1').textContent =","                        'hide internal test';","                    local.modeTest = true;","                    local.testRunDefault(local);","                // hide tests","                } else {","                    document.querySelector('#testReportDiv1').style.display = 'none';","                    document.querySelector('#testRunButton1').textContent = 'run internal test';","                }","                break;","            // custom-case","            default:","                break;","            }","            if (document.querySelector('#inputTextareaEval1') && (!event || (event &&","                    event.currentTarget &&","                    event.currentTarget.className &&","                    event.currentTarget.className.includes &&","                    event.currentTarget.className.includes('oneval')))) {","                // try to eval input-code","                try {","                    /*jslint evil: true*/","                    eval(document.querySelector('#inputTextareaEval1').value);","                } catch (errorCaught) {","                    console.error(errorCaught);","                }","            }","        };","        // log stderr and stdout to #outputTextareaStdout1","        ['error', 'log'].forEach(function (key) {","            console[key + '_original'] = console[key];","            console[key] = function () {","                var element;","                console[key + '_original'].apply(console, arguments);","                element = document.querySelector('#outputTextareaStdout1');","                if (!element) {","                    return;","                }","                // append text to #outputTextareaStdout1","                element.value += Array.from(arguments).map(function (arg) {","                    return typeof arg === 'string'","                        ? arg","                        : JSON.stringify(arg, null, 4);","                }).join(' ') + '\\n';","                // scroll textarea to bottom","                element.scrollTop = element.scrollHeight;","            };","        });","        // init event-handling","        ['change', 'click', 'keyup'].forEach(function (event) {","            Array.from(document.querySelectorAll('.on' + event)).forEach(function (element) {","                element.addEventListener(event, local.testRunBrowser);","            });","        });","        // run tests","        local.testRunBrowser();","        break;","","","","    // run node js-env code - post-init","    /* istanbul ignore next */","    case 'node':","        // export local","        module.exports = local;","        // require modules","        local.fs = require('fs');","        local.http = require('http');","        local.url = require('url');","        // init assets","        local.assetsDict = local.assetsDict || {};","        /* jslint-ignore-begin */","        local.assetsDict['/assets.index.template.html'] = '\\","<!doctype html>\\n\\","<html lang=\"en\">\\n\\","<head>\\n\\","<meta charset=\"UTF-8\">\\n\\","<meta name=\"viewport\" content=\"width=device-width, initial-scale=1\">\\n\\","<title>{{env.npm_package_name}} (v{{env.npm_package_version}})</title>\\n\\","<style>\\n\\","/*csslint\\n\\","    box-sizing: false,\\n\\","    universal-selector: false\\n\\","*/\\n\\","* {\\n\\","    box-sizing: border-box;\\n\\","}\\n\\","body {\\n\\","    background: #dde;\\n\\","    font-family: Arial, Helvetica, sans-serif;\\n\\","    margin: 2rem;\\n\\","}\\n\\","body > * {\\n\\","    margin-bottom: 1rem;\\n\\","}\\n\\",".utility2FooterDiv {\\n\\","    margin-top: 20px;\\n\\","    text-align: center;\\n\\","}\\n\\","</style>\\n\\","<style>\\n\\","/*csslint\\n\\","*/\\n\\","textarea {\\n\\","    font-family: monospace;\\n\\","    height: 10rem;\\n\\","    width: 100%;\\n\\","}\\n\\","textarea[readonly] {\\n\\","    background: #ddd;\\n\\","}\\n\\","</style>\\n\\","</head>\\n\\","<body>\\n\\","<!-- utility2-comment\\n\\","<div id=\"ajaxProgressDiv1\" style=\"background: #d00; height: 2px; left: 0; margin: 0; padding: 0; position: fixed; top: 0; transition: background 0.5s, width 1.5s; width: 25%;\"></div>\\n\\","utility2-comment -->\\n\\","<h1>\\n\\","<!-- utility2-comment\\n\\","    <a\\n\\","        {{#if env.npm_package_homepage}}\\n\\","        href=\"{{env.npm_package_homepage}}\"\\n\\","        {{/if env.npm_package_homepage}}\\n\\","        target=\"_blank\"\\n\\","    >\\n\\","utility2-comment -->\\n\\","        {{env.npm_package_name}} (v{{env.npm_package_version}})\\n\\","<!-- utility2-comment\\n\\","    </a>\\n\\","utility2-comment -->\\n\\","</h1>\\n\\","<h3>{{env.npm_package_description}}</h3>\\n\\","<!-- utility2-comment\\n\\","<h4><a download href=\"assets.app.js\">download standalone app</a></h4>\\n\\","<button class=\"onclick onreset\" id=\"testRunButton1\">run internal test</button><br>\\n\\","<div id=\"testReportDiv1\" style=\"display: none;\"></div>\\n\\","utility2-comment -->\\n\\","\\n\\","\\n\\","\\n\\","<label>stderr and stdout</label>\\n\\","<textarea class=\"resettable\" id=\"outputTextareaStdout1\" readonly></textarea>\\n\\","<!-- utility2-comment\\n\\","{{#if isRollup}}\\n\\","<script src=\"assets.app.js\"></script>\\n\\","{{#unless isRollup}}\\n\\","utility2-comment -->\\n\\","<script src=\"assets.utility2.rollup.js\"></script>\\n\\","<script src=\"jsonp.utility2._stateInit?callback=window.utility2._stateInit\"></script>\\n\\","<script src=\"assets.npmtest_lodash_throttle.rollup.js\"></script>\\n\\","<script src=\"assets.example.js\"></script>\\n\\","<script src=\"assets.test.js\"></script>\\n\\","<!-- utility2-comment\\n\\","{{/if isRollup}}\\n\\","utility2-comment -->\\n\\","<div class=\"utility2FooterDiv\">\\n\\","    [ this app was created with\\n\\","    <a href=\"https://github.com/kaizhu256/node-utility2\" target=\"_blank\">utility2</a>\\n\\","    ]\\n\\","</div>\\n\\","</body>\\n\\","</html>\\n\\","';","        /* jslint-ignore-end */","        if (local.templateRender) {","            local.assetsDict['/'] = local.templateRender(","                local.assetsDict['/assets.index.template.html'],","                {","                    env: local.objectSetDefault(local.env, {","                        npm_package_description: 'the greatest app in the world!',","                        npm_package_name: 'my-app',","                        npm_package_nameAlias: 'my_app',","                        npm_package_version: '0.0.1'","                    })","                }","            );","        } else {","            local.assetsDict['/'] = local.assetsDict['/assets.index.template.html']","                .replace((/\\{\\{env\\.(\\w+?)\\}\\}/g), function (match0, match1) {","                    // jslint-hack","                    String(match0);","                    switch (match1) {","                    case 'npm_package_description':","                        return 'the greatest app in the world!';","                    case 'npm_package_name':","                        return 'my-app';","                    case 'npm_package_nameAlias':","                        return 'my_app';","                    case 'npm_package_version':","                        return '0.0.1';","                    }","                });","        }","        // run the cli","        if (local.global.utility2_rollup || module !== require.main) {","            break;","        }","        local.assetsDict['/assets.example.js'] =","            local.assetsDict['/assets.example.js'] ||","            local.fs.readFileSync(__filename, 'utf8');","        // bug-workaround - long $npm_package_buildCustomOrg","        /* jslint-ignore-begin */","        local.assetsDict['/assets.npmtest_lodash_throttle.rollup.js'] =","            local.assetsDict['/assets.npmtest_lodash_throttle.rollup.js'] ||","            local.fs.readFileSync(","                local.npmtest_lodash_throttle.__dirname + '/lib.npmtest_lodash_throttle.js',","                'utf8'","            ).replace((/^#!/), '//');","        /* jslint-ignore-end */","        local.assetsDict['/favicon.ico'] = local.assetsDict['/favicon.ico'] || '';","        // if $npm_config_timeout_exit exists,","        // then exit this process after $npm_config_timeout_exit ms","        if (Number(process.env.npm_config_timeout_exit)) {","            setTimeout(process.exit, Number(process.env.npm_config_timeout_exit));","        }","        // start server","        if (local.global.utility2_serverHttp1) {","            break;","        }","        process.env.PORT = process.env.PORT || '8081';","        console.error('server starting on port ' + process.env.PORT);","        local.http.createServer(function (request, response) {","            request.urlParsed = local.url.parse(request.url);","            if (local.assetsDict[request.urlParsed.pathname] !== undefined) {","                response.end(local.assetsDict[request.urlParsed.pathname]);","                return;","            }","            response.statusCode = 404;","            response.end();","        }).listen(process.env.PORT);","        break;","    }","}());",""],"l":{"26":2,"28":2,"33":2,"35":2,"37":2,"38":2,"39":2,"44":1,"51":2,"55":2,"59":2,"61":2,"69":1,"70":2,"76":2,"79":2,"82":2,"83":2,"85":1,"89":2,"92":1,"93":1,"94":1,"96":1,"97":1,"100":1,"101":1,"103":1,"106":1,"108":2,"114":1,"116":1,"118":1,"123":1,"124":2,"125":2,"126":3,"127":3,"128":3,"129":3,"130":1,"133":3,"134":3,"139":3,"143":1,"144":3,"145":1,"149":1,"150":1,"158":1,"160":1,"161":1,"162":1,"164":1,"166":1,"258":1,"259":1,"271":1,"274":6,"275":6,"277":1,"279":2,"281":1,"283":2,"288":1,"289":1,"291":1,"296":1,"303":1,"306":1,"307":1,"310":1,"311":1,"313":1,"314":1,"315":1,"316":1,"317":1,"318":1,"319":1,"321":1,"322":1,"324":1}},"/home/travis/build/npmtest/node-npmtest-lodash.throttle/node_modules/lodash.throttle/index.js":{"path":"/home/travis/build/npmtest/node-npmtest-lodash.throttle/node_modules/lodash.throttle/index.js","s":{"1":1,"2":1,"3":1,"4":1,"5":1,"6":1,"7":1,"8":1,"9":1,"10":1,"11":1,"12":1,"13":1,"14":1,"15":1,"16":0,"17":1,"18":0,"19":0,"20":0,"21":0,"22":0,"23":0,"24":0,"25":0,"26":0,"27":1,"28":0,"29":0,"30":0,"31":0,"32":0,"33":1,"34":0,"35":0,"36":0,"37":1,"38":0,"39":0,"40":1,"41":0,"42":0,"43":1,"44":0,"45":0,"46":0,"47":0,"48":1,"49":0,"50":0,"51":0,"52":0,"53":0,"54":1,"55":0,"56":0,"57":0,"58":0,"59":1,"60":0,"61":1,"62":0,"63":0,"64":0,"65":0,"66":0,"67":0,"68":0,"69":0,"70":0,"71":0,"72":0,"73":0,"74":0,"75":0,"76":0,"77":0,"78":1,"79":0,"80":0,"81":0,"82":0,"83":0,"84":0,"85":0,"86":1,"87":0,"88":0,"89":1,"90":0,"91":1,"92":0,"93":1,"94":0,"95":0,"96":0,"97":0,"98":0,"99":0,"100":0,"101":0,"102":0,"103":0,"104":0,"105":0,"106":1},"b":{"1":[1,1,1,1],"2":[1,0,0,0],"3":[1,0,0],"4":[0,0],"5":[0,0],"6":[0,0],"7":[0,0],"8":[0,0],"9":[0,0],"10":[0,0],"11":[0,0],"12":[0,0,0,0,0],"13":[0,0],"14":[0,0],"15":[0,0],"16":[0,0],"17":[0,0],"18":[0,0],"19":[0,0],"20":[0,0],"21":[0,0],"22":[0,0],"23":[0,0],"24":[0,0],"25":[0,0],"26":[0,0,0],"27":[0,0],"28":[0,0,0],"29":[0,0],"30":[0,0],"31":[0,0],"32":[0,0],"33":[0,0],"34":[0,0],"35":[0,0],"36":[0,0],"37":[0,0],"38":[0,0],"39":[0,0]},"f":{"1":0,"2":0,"3":0,"4":0,"5":0,"6":0,"7":0,"8":0,"9":0,"10":0,"11":0,"12":0,"13":0,"14":0,"15":0,"16":0},"fnMap":{"1":{"name":"(anonymous_1)","line":73,"loc":{"start":{"line":73,"column":10},"end":{"line":73,"column":21}}},"2":{"name":"debounce","line":131,"loc":{"start":{"line":131,"column":0},"end":{"line":131,"column":39}}},"3":{"name":"invokeFunc","line":154,"loc":{"start":{"line":154,"column":2},"end":{"line":154,"column":28}}},"4":{"name":"leadingEdge","line":164,"loc":{"start":{"line":164,"column":2},"end":{"line":164,"column":29}}},"5":{"name":"remainingWait","line":173,"loc":{"start":{"line":173,"column":2},"end":{"line":173,"column":31}}},"6":{"name":"shouldInvoke","line":181,"loc":{"start":{"line":181,"column":2},"end":{"line":181,"column":30}}},"7":{"name":"timerExpired","line":192,"loc":{"start":{"line":192,"column":2},"end":{"line":192,"column":26}}},"8":{"name":"trailingEdge","line":201,"loc":{"start":{"line":201,"column":2},"end":{"line":201,"column":30}}},"9":{"name":"cancel","line":213,"loc":{"start":{"line":213,"column":2},"end":{"line":213,"column":20}}},"10":{"name":"flush","line":221,"loc":{"start":{"line":221,"column":2},"end":{"line":221,"column":19}}},"11":{"name":"debounced","line":225,"loc":{"start":{"line":225,"column":2},"end":{"line":225,"column":23}}},"12":{"name":"throttle","line":297,"loc":{"start":{"line":297,"column":0},"end":{"line":297,"column":39}}},"13":{"name":"isObject","line":340,"loc":{"start":{"line":340,"column":0},"end":{"line":340,"column":25}}},"14":{"name":"isObjectLike","line":369,"loc":{"start":{"line":369,"column":0},"end":{"line":369,"column":29}}},"15":{"name":"isSymbol","line":390,"loc":{"start":{"line":390,"column":0},"end":{"line":390,"column":25}}},"16":{"name":"toNumber","line":418,"loc":{"start":{"line":418,"column":0},"end":{"line":418,"column":25}}}},"statementMap":{"1":{"start":{"line":11,"column":0},"end":{"line":11,"column":44}},"2":{"start":{"line":14,"column":0},"end":{"line":14,"column":16}},"3":{"start":{"line":17,"column":0},"end":{"line":17,"column":34}},"4":{"start":{"line":20,"column":0},"end":{"line":20,"column":26}},"5":{"start":{"line":23,"column":0},"end":{"line":23,"column":38}},"6":{"start":{"line":26,"column":0},"end":{"line":26,"column":30}},"7":{"start":{"line":29,"column":0},"end":{"line":29,"column":30}},"8":{"start":{"line":32,"column":0},"end":{"line":32,"column":28}},"9":{"start":{"line":35,"column":0},"end":{"line":35,"column":91}},"10":{"start":{"line":38,"column":0},"end":{"line":38,"column":81}},"11":{"start":{"line":41,"column":0},"end":{"line":41,"column":63}},"12":{"start":{"line":44,"column":0},"end":{"line":44,"column":35}},"13":{"start":{"line":51,"column":0},"end":{"line":51,"column":42}},"14":{"start":{"line":54,"column":0},"end":{"line":55,"column":25}},"15":{"start":{"line":73,"column":0},"end":{"line":75,"column":2}},"16":{"start":{"line":74,"column":2},"end":{"line":74,"column":25}},"17":{"start":{"line":131,"column":0},"end":{"line":251,"column":1}},"18":{"start":{"line":132,"column":2},"end":{"line":141,"column":22}},"19":{"start":{"line":143,"column":2},"end":{"line":145,"column":3}},"20":{"start":{"line":144,"column":4},"end":{"line":144,"column":41}},"21":{"start":{"line":146,"column":2},"end":{"line":146,"column":29}},"22":{"start":{"line":147,"column":2},"end":{"line":152,"column":3}},"23":{"start":{"line":148,"column":4},"end":{"line":148,"column":32}},"24":{"start":{"line":149,"column":4},"end":{"line":149,"column":34}},"25":{"start":{"line":150,"column":4},"end":{"line":150,"column":81}},"26":{"start":{"line":151,"column":4},"end":{"line":151,"column":69}},"27":{"start":{"line":154,"column":2},"end":{"line":162,"column":3}},"28":{"start":{"line":155,"column":4},"end":{"line":156,"column":27}},"29":{"start":{"line":158,"column":4},"end":{"line":158,"column":36}},"30":{"start":{"line":159,"column":4},"end":{"line":159,"column":26}},"31":{"start":{"line":160,"column":4},"end":{"line":160,"column":39}},"32":{"start":{"line":161,"column":4},"end":{"line":161,"column":18}},"33":{"start":{"line":164,"column":2},"end":{"line":171,"column":3}},"34":{"start":{"line":166,"column":4},"end":{"line":166,"column":26}},"35":{"start":{"line":168,"column":4},"end":{"line":168,"column":45}},"36":{"start":{"line":170,"column":4},"end":{"line":170,"column":47}},"37":{"start":{"line":173,"column":2},"end":{"line":179,"column":3}},"38":{"start":{"line":174,"column":4},"end":{"line":176,"column":42}},"39":{"start":{"line":178,"column":4},"end":{"line":178,"column":78}},"40":{"start":{"line":181,"column":2},"end":{"line":190,"column":3}},"41":{"start":{"line":182,"column":4},"end":{"line":183,"column":52}},"42":{"start":{"line":188,"column":4},"end":{"line":189,"column":77}},"43":{"start":{"line":192,"column":2},"end":{"line":199,"column":3}},"44":{"start":{"line":193,"column":4},"end":{"line":193,"column":21}},"45":{"start":{"line":194,"column":4},"end":{"line":196,"column":5}},"46":{"start":{"line":195,"column":6},"end":{"line":195,"column":32}},"47":{"start":{"line":198,"column":4},"end":{"line":198,"column":60}},"48":{"start":{"line":201,"column":2},"end":{"line":211,"column":3}},"49":{"start":{"line":202,"column":4},"end":{"line":202,"column":24}},"50":{"start":{"line":206,"column":4},"end":{"line":208,"column":5}},"51":{"start":{"line":207,"column":6},"end":{"line":207,"column":30}},"52":{"start":{"line":209,"column":4},"end":{"line":209,"column":36}},"53":{"start":{"line":210,"column":4},"end":{"line":210,"column":18}},"54":{"start":{"line":213,"column":2},"end":{"line":219,"column":3}},"55":{"start":{"line":214,"column":4},"end":{"line":216,"column":5}},"56":{"start":{"line":215,"column":6},"end":{"line":215,"column":28}},"57":{"start":{"line":217,"column":4},"end":{"line":217,"column":23}},"58":{"start":{"line":218,"column":4},"end":{"line":218,"column":61}},"59":{"start":{"line":221,"column":2},"end":{"line":223,"column":3}},"60":{"start":{"line":222,"column":4},"end":{"line":222,"column":64}},"61":{"start":{"line":225,"column":2},"end":{"line":247,"column":3}},"62":{"start":{"line":226,"column":4},"end":{"line":227,"column":40}},"63":{"start":{"line":229,"column":4},"end":{"line":229,"column":25}},"64":{"start":{"line":230,"column":4},"end":{"line":230,"column":20}},"65":{"start":{"line":231,"column":4},"end":{"line":231,"column":24}},"66":{"start":{"line":233,"column":4},"end":{"line":242,"column":5}},"67":{"start":{"line":234,"column":6},"end":{"line":236,"column":7}},"68":{"start":{"line":235,"column":8},"end":{"line":235,"column":41}},"69":{"start":{"line":237,"column":6},"end":{"line":241,"column":7}},"70":{"start":{"line":239,"column":8},"end":{"line":239,"column":49}},"71":{"start":{"line":240,"column":8},"end":{"line":240,"column":40}},"72":{"start":{"line":243,"column":4},"end":{"line":245,"column":5}},"73":{"start":{"line":244,"column":6},"end":{"line":244,"column":47}},"74":{"start":{"line":246,"column":4},"end":{"line":246,"column":18}},"75":{"start":{"line":248,"column":2},"end":{"line":248,"column":28}},"76":{"start":{"line":249,"column":2},"end":{"line":249,"column":26}},"77":{"start":{"line":250,"column":2},"end":{"line":250,"column":19}},"78":{"start":{"line":297,"column":0},"end":{"line":313,"column":1}},"79":{"start":{"line":298,"column":2},"end":{"line":299,"column":22}},"80":{"start":{"line":301,"column":2},"end":{"line":303,"column":3}},"81":{"start":{"line":302,"column":4},"end":{"line":302,"column":41}},"82":{"start":{"line":304,"column":2},"end":{"line":307,"column":3}},"83":{"start":{"line":305,"column":4},"end":{"line":305,"column":65}},"84":{"start":{"line":306,"column":4},"end":{"line":306,"column":69}},"85":{"start":{"line":308,"column":2},"end":{"line":312,"column":5}},"86":{"start":{"line":340,"column":0},"end":{"line":343,"column":1}},"87":{"start":{"line":341,"column":2},"end":{"line":341,"column":26}},"88":{"start":{"line":342,"column":2},"end":{"line":342,"column":61}},"89":{"start":{"line":369,"column":0},"end":{"line":371,"column":1}},"90":{"start":{"line":370,"column":2},"end":{"line":370,"column":45}},"91":{"start":{"line":390,"column":0},"end":{"line":393,"column":1}},"92":{"start":{"line":391,"column":2},"end":{"line":392,"column":69}},"93":{"start":{"line":418,"column":0},"end":{"line":437,"column":1}},"94":{"start":{"line":419,"column":2},"end":{"line":421,"column":3}},"95":{"start":{"line":420,"column":4},"end":{"line":420,"column":17}},"96":{"start":{"line":422,"column":2},"end":{"line":424,"column":3}},"97":{"start":{"line":423,"column":4},"end":{"line":423,"column":15}},"98":{"start":{"line":425,"column":2},"end":{"line":428,"column":3}},"99":{"start":{"line":426,"column":4},"end":{"line":426,"column":77}},"100":{"start":{"line":427,"column":4},"end":{"line":427,"column":51}},"101":{"start":{"line":429,"column":2},"end":{"line":431,"column":3}},"102":{"start":{"line":430,"column":4},"end":{"line":430,"column":40}},"103":{"start":{"line":432,"column":2},"end":{"line":432,"column":36}},"104":{"start":{"line":433,"column":2},"end":{"line":433,"column":40}},"105":{"start":{"line":434,"column":2},"end":{"line":436,"column":46}},"106":{"start":{"line":439,"column":0},"end":{"line":439,"column":26}}},"branchMap":{"1":{"line":35,"type":"binary-expr","locations":[{"start":{"line":35,"column":17},"end":{"line":35,"column":42}},{"start":{"line":35,"column":46},"end":{"line":35,"column":52}},{"start":{"line":35,"column":56},"end":{"line":35,"column":80}},{"start":{"line":35,"column":84},"end":{"line":35,"column":90}}]},"2":{"line":38,"type":"binary-expr","locations":[{"start":{"line":38,"column":15},"end":{"line":38,"column":38}},{"start":{"line":38,"column":42},"end":{"line":38,"column":46}},{"start":{"line":38,"column":50},"end":{"line":38,"column":72}},{"start":{"line":38,"column":76},"end":{"line":38,"column":80}}]},"3":{"line":41,"type":"binary-expr","locations":[{"start":{"line":41,"column":11},"end":{"line":41,"column":21}},{"start":{"line":41,"column":25},"end":{"line":41,"column":33}},{"start":{"line":41,"column":37},"end":{"line":41,"column":62}}]},"4":{"line":143,"type":"if","locations":[{"start":{"line":143,"column":2},"end":{"line":143,"column":2}},{"start":{"line":143,"column":2},"end":{"line":143,"column":2}}]},"5":{"line":146,"type":"binary-expr","locations":[{"start":{"line":146,"column":9},"end":{"line":146,"column":23}},{"start":{"line":146,"column":27},"end":{"line":146,"column":28}}]},"6":{"line":147,"type":"if","locations":[{"start":{"line":147,"column":2},"end":{"line":147,"column":2}},{"start":{"line":147,"column":2},"end":{"line":147,"column":2}}]},"7":{"line":150,"type":"cond-expr","locations":[{"start":{"line":150,"column":23},"end":{"line":150,"column":70}},{"start":{"line":150,"column":73},"end":{"line":150,"column":80}}]},"8":{"line":150,"type":"binary-expr","locations":[{"start":{"line":150,"column":33},"end":{"line":150,"column":58}},{"start":{"line":150,"column":62},"end":{"line":150,"column":63}}]},"9":{"line":151,"type":"cond-expr","locations":[{"start":{"line":151,"column":39},"end":{"line":151,"column":57}},{"start":{"line":151,"column":60},"end":{"line":151,"column":68}}]},"10":{"line":170,"type":"cond-expr","locations":[{"start":{"line":170,"column":21},"end":{"line":170,"column":37}},{"start":{"line":170,"column":40},"end":{"line":170,"column":46}}]},"11":{"line":178,"type":"cond-expr","locations":[{"start":{"line":178,"column":20},"end":{"line":178,"column":68}},{"start":{"line":178,"column":71},"end":{"line":178,"column":77}}]},"12":{"line":188,"type":"binary-expr","locations":[{"start":{"line":188,"column":12},"end":{"line":188,"column":38}},{"start":{"line":188,"column":43},"end":{"line":188,"column":68}},{"start":{"line":189,"column":7},"end":{"line":189,"column":28}},{"start":{"line":189,"column":34},"end":{"line":189,"column":40}},{"start":{"line":189,"column":44},"end":{"line":189,"column":74}}]},"13":{"line":194,"type":"if","locations":[{"start":{"line":194,"column":4},"end":{"line":194,"column":4}},{"start":{"line":194,"column":4},"end":{"line":194,"column":4}}]},"14":{"line":206,"type":"if","locations":[{"start":{"line":206,"column":4},"end":{"line":206,"column":4}},{"start":{"line":206,"column":4},"end":{"line":206,"column":4}}]},"15":{"line":206,"type":"binary-expr","locations":[{"start":{"line":206,"column":8},"end":{"line":206,"column":16}},{"start":{"line":206,"column":20},"end":{"line":206,"column":28}}]},"16":{"line":214,"type":"if","locations":[{"start":{"line":214,"column":4},"end":{"line":214,"column":4}},{"start":{"line":214,"column":4},"end":{"line":214,"column":4}}]},"17":{"line":222,"type":"cond-expr","locations":[{"start":{"line":222,"column":35},"end":{"line":222,"column":41}},{"start":{"line":222,"column":44},"end":{"line":222,"column":63}}]},"18":{"line":233,"type":"if","locations":[{"start":{"line":233,"column":4},"end":{"line":233,"column":4}},{"start":{"line":233,"column":4},"end":{"line":233,"column":4}}]},"19":{"line":234,"type":"if","locations":[{"start":{"line":234,"column":6},"end":{"line":234,"column":6}},{"start":{"line":234,"column":6},"end":{"line":234,"column":6}}]},"20":{"line":237,"type":"if","locations":[{"start":{"line":237,"column":6},"end":{"line":237,"column":6}},{"start":{"line":237,"column":6},"end":{"line":237,"column":6}}]},"21":{"line":243,"type":"if","locations":[{"start":{"line":243,"column":4},"end":{"line":243,"column":4}},{"start":{"line":243,"column":4},"end":{"line":243,"column":4}}]},"22":{"line":301,"type":"if","locations":[{"start":{"line":301,"column":2},"end":{"line":301,"column":2}},{"start":{"line":301,"column":2},"end":{"line":301,"column":2}}]},"23":{"line":304,"type":"if","locations":[{"start":{"line":304,"column":2},"end":{"line":304,"column":2}},{"start":{"line":304,"column":2},"end":{"line":304,"column":2}}]},"24":{"line":305,"type":"cond-expr","locations":[{"start":{"line":305,"column":37},"end":{"line":305,"column":54}},{"start":{"line":305,"column":57},"end":{"line":305,"column":64}}]},"25":{"line":306,"type":"cond-expr","locations":[{"start":{"line":306,"column":39},"end":{"line":306,"column":57}},{"start":{"line":306,"column":60},"end":{"line":306,"column":68}}]},"26":{"line":342,"type":"binary-expr","locations":[{"start":{"line":342,"column":9},"end":{"line":342,"column":16}},{"start":{"line":342,"column":21},"end":{"line":342,"column":37}},{"start":{"line":342,"column":41},"end":{"line":342,"column":59}}]},"27":{"line":370,"type":"binary-expr","locations":[{"start":{"line":370,"column":9},"end":{"line":370,"column":16}},{"start":{"line":370,"column":20},"end":{"line":370,"column":44}}]},"28":{"line":391,"type":"binary-expr","locations":[{"start":{"line":391,"column":9},"end":{"line":391,"column":33}},{"start":{"line":392,"column":5},"end":{"line":392,"column":24}},{"start":{"line":392,"column":28},"end":{"line":392,"column":67}}]},"29":{"line":419,"type":"if","locations":[{"start":{"line":419,"column":2},"end":{"line":419,"column":2}},{"start":{"line":419,"column":2},"end":{"line":419,"column":2}}]},"30":{"line":422,"type":"if","locations":[{"start":{"line":422,"column":2},"end":{"line":422,"column":2}},{"start":{"line":422,"column":2},"end":{"line":422,"column":2}}]},"31":{"line":425,"type":"if","locations":[{"start":{"line":425,"column":2},"end":{"line":425,"column":2}},{"start":{"line":425,"column":2},"end":{"line":425,"column":2}}]},"32":{"line":426,"type":"cond-expr","locations":[{"start":{"line":426,"column":53},"end":{"line":426,"column":68}},{"start":{"line":426,"column":71},"end":{"line":426,"column":76}}]},"33":{"line":427,"type":"cond-expr","locations":[{"start":{"line":427,"column":31},"end":{"line":427,"column":41}},{"start":{"line":427,"column":45},"end":{"line":427,"column":50}}]},"34":{"line":429,"type":"if","locations":[{"start":{"line":429,"column":2},"end":{"line":429,"column":2}},{"start":{"line":429,"column":2},"end":{"line":429,"column":2}}]},"35":{"line":430,"type":"cond-expr","locations":[{"start":{"line":430,"column":25},"end":{"line":430,"column":30}},{"start":{"line":430,"column":33},"end":{"line":430,"column":39}}]},"36":{"line":434,"type":"cond-expr","locations":[{"start":{"line":435,"column":6},"end":{"line":435,"column":52}},{"start":{"line":436,"column":7},"end":{"line":436,"column":44}}]},"37":{"line":434,"type":"binary-expr","locations":[{"start":{"line":434,"column":10},"end":{"line":434,"column":18}},{"start":{"line":434,"column":22},"end":{"line":434,"column":43}}]},"38":{"line":435,"type":"cond-expr","locations":[{"start":{"line":435,"column":46},"end":{"line":435,"column":47}},{"start":{"line":435,"column":50},"end":{"line":435,"column":51}}]},"39":{"line":436,"type":"cond-expr","locations":[{"start":{"line":436,"column":32},"end":{"line":436,"column":35}},{"start":{"line":436,"column":38},"end":{"line":436,"column":44}}]}},"code":["/**"," * lodash (Custom Build) <https://lodash.com/>"," * Build: `lodash modularize exports=\"npm\" -o ./`"," * Copyright jQuery Foundation and other contributors <https://jquery.org/>"," * Released under MIT license <https://lodash.com/license>"," * Based on Underscore.js 1.8.3 <http://underscorejs.org/LICENSE>"," * Copyright Jeremy Ashkenas, DocumentCloud and Investigative Reporters & Editors"," */","","/** Used as the `TypeError` message for \"Functions\" methods. */","var FUNC_ERROR_TEXT = 'Expected a function';","","/** Used as references for various `Number` constants. */","var NAN = 0 / 0;","","/** `Object#toString` result references. */","var symbolTag = '[object Symbol]';","","/** Used to match leading and trailing whitespace. */","var reTrim = /^\\s+|\\s+$/g;","","/** Used to detect bad signed hexadecimal string values. */","var reIsBadHex = /^[-+]0x[0-9a-f]+$/i;","","/** Used to detect binary string values. */","var reIsBinary = /^0b[01]+$/i;","","/** Used to detect octal string values. */","var reIsOctal = /^0o[0-7]+$/i;","","/** Built-in method references without a dependency on `root`. */","var freeParseInt = parseInt;","","/** Detect free variable `global` from Node.js. */","var freeGlobal = typeof global == 'object' && global && global.Object === Object && global;","","/** Detect free variable `self`. */","var freeSelf = typeof self == 'object' && self && self.Object === Object && self;","","/** Used as a reference to the global object. */","var root = freeGlobal || freeSelf || Function('return this')();","","/** Used for built-in method references. */","var objectProto = Object.prototype;","","/**"," * Used to resolve the"," * [`toStringTag`](http://ecma-international.org/ecma-262/7.0/#sec-object.prototype.tostring)"," * of values."," */","var objectToString = objectProto.toString;","","/* Built-in method references for those with the same name as other `lodash` methods. */","var nativeMax = Math.max,","    nativeMin = Math.min;","","/**"," * Gets the timestamp of the number of milliseconds that have elapsed since"," * the Unix epoch (1 January 1970 00:00:00 UTC)."," *"," * @static"," * @memberOf _"," * @since 2.4.0"," * @category Date"," * @returns {number} Returns the timestamp."," * @example"," *"," * _.defer(function(stamp) {"," *   console.log(_.now() - stamp);"," * }, _.now());"," * // => Logs the number of milliseconds it took for the deferred invocation."," */","var now = function() {","  return root.Date.now();","};","","/**"," * Creates a debounced function that delays invoking `func` until after `wait`"," * milliseconds have elapsed since the last time the debounced function was"," * invoked. The debounced function comes with a `cancel` method to cancel"," * delayed `func` invocations and a `flush` method to immediately invoke them."," * Provide `options` to indicate whether `func` should be invoked on the"," * leading and/or trailing edge of the `wait` timeout. The `func` is invoked"," * with the last arguments provided to the debounced function. Subsequent"," * calls to the debounced function return the result of the last `func`"," * invocation."," *"," * **Note:** If `leading` and `trailing` options are `true`, `func` is"," * invoked on the trailing edge of the timeout only if the debounced function"," * is invoked more than once during the `wait` timeout."," *"," * If `wait` is `0` and `leading` is `false`, `func` invocation is deferred"," * until to the next tick, similar to `setTimeout` with a timeout of `0`."," *"," * See [David Corbacho's article](https://css-tricks.com/debouncing-throttling-explained-examples/)"," * for details over the differences between `_.debounce` and `_.throttle`."," *"," * @static"," * @memberOf _"," * @since 0.1.0"," * @category Function"," * @param {Function} func The function to debounce."," * @param {number} [wait=0] The number of milliseconds to delay."," * @param {Object} [options={}] The options object."," * @param {boolean} [options.leading=false]"," *  Specify invoking on the leading edge of the timeout."," * @param {number} [options.maxWait]"," *  The maximum time `func` is allowed to be delayed before it's invoked."," * @param {boolean} [options.trailing=true]"," *  Specify invoking on the trailing edge of the timeout."," * @returns {Function} Returns the new debounced function."," * @example"," *"," * // Avoid costly calculations while the window size is in flux."," * jQuery(window).on('resize', _.debounce(calculateLayout, 150));"," *"," * // Invoke `sendMail` when clicked, debouncing subsequent calls."," * jQuery(element).on('click', _.debounce(sendMail, 300, {"," *   'leading': true,"," *   'trailing': false"," * }));"," *"," * // Ensure `batchLog` is invoked once after 1 second of debounced calls."," * var debounced = _.debounce(batchLog, 250, { 'maxWait': 1000 });"," * var source = new EventSource('/stream');"," * jQuery(source).on('message', debounced);"," *"," * // Cancel the trailing debounced invocation."," * jQuery(window).on('popstate', debounced.cancel);"," */","function debounce(func, wait, options) {","  var lastArgs,","      lastThis,","      maxWait,","      result,","      timerId,","      lastCallTime,","      lastInvokeTime = 0,","      leading = false,","      maxing = false,","      trailing = true;","","  if (typeof func != 'function') {","    throw new TypeError(FUNC_ERROR_TEXT);","  }","  wait = toNumber(wait) || 0;","  if (isObject(options)) {","    leading = !!options.leading;","    maxing = 'maxWait' in options;","    maxWait = maxing ? nativeMax(toNumber(options.maxWait) || 0, wait) : maxWait;","    trailing = 'trailing' in options ? !!options.trailing : trailing;","  }","","  function invokeFunc(time) {","    var args = lastArgs,","        thisArg = lastThis;","","    lastArgs = lastThis = undefined;","    lastInvokeTime = time;","    result = func.apply(thisArg, args);","    return result;","  }","","  function leadingEdge(time) {","    // Reset any `maxWait` timer.","    lastInvokeTime = time;","    // Start the timer for the trailing edge.","    timerId = setTimeout(timerExpired, wait);","    // Invoke the leading edge.","    return leading ? invokeFunc(time) : result;","  }","","  function remainingWait(time) {","    var timeSinceLastCall = time - lastCallTime,","        timeSinceLastInvoke = time - lastInvokeTime,","        result = wait - timeSinceLastCall;","","    return maxing ? nativeMin(result, maxWait - timeSinceLastInvoke) : result;","  }","","  function shouldInvoke(time) {","    var timeSinceLastCall = time - lastCallTime,","        timeSinceLastInvoke = time - lastInvokeTime;","","    // Either this is the first call, activity has stopped and we're at the","    // trailing edge, the system time has gone backwards and we're treating","    // it as the trailing edge, or we've hit the `maxWait` limit.","    return (lastCallTime === undefined || (timeSinceLastCall >= wait) ||","      (timeSinceLastCall < 0) || (maxing && timeSinceLastInvoke >= maxWait));","  }","","  function timerExpired() {","    var time = now();","    if (shouldInvoke(time)) {","      return trailingEdge(time);","    }","    // Restart the timer.","    timerId = setTimeout(timerExpired, remainingWait(time));","  }","","  function trailingEdge(time) {","    timerId = undefined;","","    // Only invoke if we have `lastArgs` which means `func` has been","    // debounced at least once.","    if (trailing && lastArgs) {","      return invokeFunc(time);","    }","    lastArgs = lastThis = undefined;","    return result;","  }","","  function cancel() {","    if (timerId !== undefined) {","      clearTimeout(timerId);","    }","    lastInvokeTime = 0;","    lastArgs = lastCallTime = lastThis = timerId = undefined;","  }","","  function flush() {","    return timerId === undefined ? result : trailingEdge(now());","  }","","  function debounced() {","    var time = now(),","        isInvoking = shouldInvoke(time);","","    lastArgs = arguments;","    lastThis = this;","    lastCallTime = time;","","    if (isInvoking) {","      if (timerId === undefined) {","        return leadingEdge(lastCallTime);","      }","      if (maxing) {","        // Handle invocations in a tight loop.","        timerId = setTimeout(timerExpired, wait);","        return invokeFunc(lastCallTime);","      }","    }","    if (timerId === undefined) {","      timerId = setTimeout(timerExpired, wait);","    }","    return result;","  }","  debounced.cancel = cancel;","  debounced.flush = flush;","  return debounced;","}","","/**"," * Creates a throttled function that only invokes `func` at most once per"," * every `wait` milliseconds. The throttled function comes with a `cancel`"," * method to cancel delayed `func` invocations and a `flush` method to"," * immediately invoke them. Provide `options` to indicate whether `func`"," * should be invoked on the leading and/or trailing edge of the `wait`"," * timeout. The `func` is invoked with the last arguments provided to the"," * throttled function. Subsequent calls to the throttled function return the"," * result of the last `func` invocation."," *"," * **Note:** If `leading` and `trailing` options are `true`, `func` is"," * invoked on the trailing edge of the timeout only if the throttled function"," * is invoked more than once during the `wait` timeout."," *"," * If `wait` is `0` and `leading` is `false`, `func` invocation is deferred"," * until to the next tick, similar to `setTimeout` with a timeout of `0`."," *"," * See [David Corbacho's article](https://css-tricks.com/debouncing-throttling-explained-examples/)"," * for details over the differences between `_.throttle` and `_.debounce`."," *"," * @static"," * @memberOf _"," * @since 0.1.0"," * @category Function"," * @param {Function} func The function to throttle."," * @param {number} [wait=0] The number of milliseconds to throttle invocations to."," * @param {Object} [options={}] The options object."," * @param {boolean} [options.leading=true]"," *  Specify invoking on the leading edge of the timeout."," * @param {boolean} [options.trailing=true]"," *  Specify invoking on the trailing edge of the timeout."," * @returns {Function} Returns the new throttled function."," * @example"," *"," * // Avoid excessively updating the position while scrolling."," * jQuery(window).on('scroll', _.throttle(updatePosition, 100));"," *"," * // Invoke `renewToken` when the click event is fired, but not more than once every 5 minutes."," * var throttled = _.throttle(renewToken, 300000, { 'trailing': false });"," * jQuery(element).on('click', throttled);"," *"," * // Cancel the trailing throttled invocation."," * jQuery(window).on('popstate', throttled.cancel);"," */","function throttle(func, wait, options) {","  var leading = true,","      trailing = true;","","  if (typeof func != 'function') {","    throw new TypeError(FUNC_ERROR_TEXT);","  }","  if (isObject(options)) {","    leading = 'leading' in options ? !!options.leading : leading;","    trailing = 'trailing' in options ? !!options.trailing : trailing;","  }","  return debounce(func, wait, {","    'leading': leading,","    'maxWait': wait,","    'trailing': trailing","  });","}","","/**"," * Checks if `value` is the"," * [language type](http://www.ecma-international.org/ecma-262/7.0/#sec-ecmascript-language-types)"," * of `Object`. (e.g. arrays, functions, objects, regexes, `new Number(0)`, and `new String('')`)"," *"," * @static"," * @memberOf _"," * @since 0.1.0"," * @category Lang"," * @param {*} value The value to check."," * @returns {boolean} Returns `true` if `value` is an object, else `false`."," * @example"," *"," * _.isObject({});"," * // => true"," *"," * _.isObject([1, 2, 3]);"," * // => true"," *"," * _.isObject(_.noop);"," * // => true"," *"," * _.isObject(null);"," * // => false"," */","function isObject(value) {","  var type = typeof value;","  return !!value && (type == 'object' || type == 'function');","}","","/**"," * Checks if `value` is object-like. A value is object-like if it's not `null`"," * and has a `typeof` result of \"object\"."," *"," * @static"," * @memberOf _"," * @since 4.0.0"," * @category Lang"," * @param {*} value The value to check."," * @returns {boolean} Returns `true` if `value` is object-like, else `false`."," * @example"," *"," * _.isObjectLike({});"," * // => true"," *"," * _.isObjectLike([1, 2, 3]);"," * // => true"," *"," * _.isObjectLike(_.noop);"," * // => false"," *"," * _.isObjectLike(null);"," * // => false"," */","function isObjectLike(value) {","  return !!value && typeof value == 'object';","}","","/**"," * Checks if `value` is classified as a `Symbol` primitive or object."," *"," * @static"," * @memberOf _"," * @since 4.0.0"," * @category Lang"," * @param {*} value The value to check."," * @returns {boolean} Returns `true` if `value` is a symbol, else `false`."," * @example"," *"," * _.isSymbol(Symbol.iterator);"," * // => true"," *"," * _.isSymbol('abc');"," * // => false"," */","function isSymbol(value) {","  return typeof value == 'symbol' ||","    (isObjectLike(value) && objectToString.call(value) == symbolTag);","}","","/**"," * Converts `value` to a number."," *"," * @static"," * @memberOf _"," * @since 4.0.0"," * @category Lang"," * @param {*} value The value to process."," * @returns {number} Returns the number."," * @example"," *"," * _.toNumber(3.2);"," * // => 3.2"," *"," * _.toNumber(Number.MIN_VALUE);"," * // => 5e-324"," *"," * _.toNumber(Infinity);"," * // => Infinity"," *"," * _.toNumber('3.2');"," * // => 3.2"," */","function toNumber(value) {","  if (typeof value == 'number') {","    return value;","  }","  if (isSymbol(value)) {","    return NAN;","  }","  if (isObject(value)) {","    var other = typeof value.valueOf == 'function' ? value.valueOf() : value;","    value = isObject(other) ? (other + '') : other;","  }","  if (typeof value != 'string') {","    return value === 0 ? value : +value;","  }","  value = value.replace(reTrim, '');","  var isBinary = reIsBinary.test(value);","  return (isBinary || reIsOctal.test(value))","    ? freeParseInt(value.slice(2), isBinary ? 2 : 8)","    : (reIsBadHex.test(value) ? NAN : +value);","}","","module.exports = throttle;",""],"l":{"11":1,"14":1,"17":1,"20":1,"23":1,"26":1,"29":1,"32":1,"35":1,"38":1,"41":1,"44":1,"51":1,"54":1,"73":1,"74":0,"131":1,"132":0,"143":0,"144":0,"146":0,"147":0,"148":0,"149":0,"150":0,"151":0,"154":1,"155":0,"158":0,"159":0,"160":0,"161":0,"164":1,"166":0,"168":0,"170":0,"173":1,"174":0,"178":0,"181":1,"182":0,"188":0,"192":1,"193":0,"194":0,"195":0,"198":0,"201":1,"202":0,"206":0,"207":0,"209":0,"210":0,"213":1,"214":0,"215":0,"217":0,"218":0,"221":1,"222":0,"225":1,"226":0,"229":0,"230":0,"231":0,"233":0,"234":0,"235":0,"237":0,"239":0,"240":0,"243":0,"244":0,"246":0,"248":0,"249":0,"250":0,"297":1,"298":0,"301":0,"302":0,"304":0,"305":0,"306":0,"308":0,"340":1,"341":0,"342":0,"369":1,"370":0,"390":1,"391":0,"418":1,"419":0,"420":0,"422":0,"423":0,"425":0,"426":0,"427":0,"429":0,"430":0,"432":0,"433":0,"434":0,"439":1}}}